AH00558: httpd.exe: Could not reliably determine the server's fully qualified domain name, using fe80::45b3:f43b:e3e:9ff7. Set the 'ServerName' directive globally to suppress this message
[Wed Sep 11 16:59:24.142621 2024] [mpm_winnt:notice] [pid 17032:tid 316] AH00455: Apache/2.4.57 (Win64) configured -- resuming normal operations
[Wed Sep 11 16:59:24.142621 2024] [mpm_winnt:notice] [pid 17032:tid 316] AH00456: Apache Lounge VS16 Server built: Apr 14 2023 09:42:54
[Wed Sep 11 16:59:24.142621 2024] [core:notice] [pid 17032:tid 316] AH00094: Command line: 'C:\\WebServer\\Apache24\\bin\\httpd.exe -d C:/WebServer/Apache24'
[Wed Sep 11 16:59:24.144625 2024] [mpm_winnt:notice] [pid 17032:tid 316] AH00418: Parent: Created child process 2988
AH00558: httpd.exe: Could not reliably determine the server's fully qualified domain name, using fe80::45b3:f43b:e3e:9ff7. Set the 'ServerName' directive globally to suppress this message
AH00558: httpd.exe: Could not reliably determine the server's fully qualified domain name, using fe80::45b3:f43b:e3e:9ff7. Set the 'ServerName' directive globally to suppress this message
[Wed Sep 11 16:59:24.306431 2024] [mpm_winnt:notice] [pid 2988:tid 356] AH00354: Child: Starting 64 worker threads.
[Wed Sep 11 17:11:58.104103 2024] [mpm_winnt:notice] [pid 17032:tid 316] AH00422: Parent: Received shutdown signal -- Shutting down the server.
[Wed Sep 11 17:12:00.119586 2024] [mpm_winnt:notice] [pid 2988:tid 356] AH00364: Child: All worker threads have exited.
[Wed Sep 11 17:12:00.139154 2024] [mpm_winnt:notice] [pid 17032:tid 316] AH00430: Parent: Child process 2988 exited successfully.
AH00558: httpd.exe: Could not reliably determine the server's fully qualified domain name, using fe80::45b3:f43b:e3e:9ff7. Set the 'ServerName' directive globally to suppress this message
PHP Warning:  PHP Startup: Unable to load dynamic library 'gmp' (tried: E:\\WebServer\\PHP_8.3\\ext\\gmp (N\xc3\xa3o foi poss\xc3\xadvel encontrar o m\xc3\xb3dulo especificado), E:\\WebServer\\PHP_8.3\\ext\\php_gmp.dll (N\xc3\xa3o foi poss\xc3\xadvel encontrar o m\xc3\xb3dulo especificado)) in Unknown on line 0
PHP Warning:  PHP Startup: Unable to load dynamic library 'mysqli' (tried: E:\\WebServer\\PHP_8.3\\ext\\mysqli (N\xc3\xa3o foi poss\xc3\xadvel encontrar o m\xc3\xb3dulo especificado), E:\\WebServer\\PHP_8.3\\ext\\php_mysqli.dll (N\xc3\xa3o foi poss\xc3\xadvel encontrar o m\xc3\xb3dulo especificado)) in Unknown on line 0
PHP Warning:  PHP Startup: Unable to load dynamic library 'openssl' (tried: E:\\WebServer\\PHP_8.3\\ext\\openssl (N\xc3\xa3o foi poss\xc3\xadvel encontrar o m\xc3\xb3dulo especificado), E:\\WebServer\\PHP_8.3\\ext\\php_openssl.dll (N\xc3\xa3o foi poss\xc3\xadvel encontrar o m\xc3\xb3dulo especificado)) in Unknown on line 0
PHP Warning:  PHP Startup: Unable to load dynamic library 'php_ssh2.dll' (tried: E:\\WebServer\\PHP_8.3\\ext\\php_ssh2.dll (N\xc3\xa3o foi poss\xc3\xadvel encontrar o m\xc3\xb3dulo especificado), E:\\WebServer\\PHP_8.3\\ext\\php_php_ssh2.dll.dll (N\xc3\xa3o foi poss\xc3\xadvel encontrar o m\xc3\xb3dulo especificado)) in Unknown on line 0
PHP Warning:  PHP Startup: Unable to load dynamic library 'php_pdo_pgsql.dll' (tried: E:\\WebServer\\PHP_8.3\\ext\\php_pdo_pgsql.dll (N\xc3\xa3o foi poss\xc3\xadvel encontrar o m\xc3\xb3dulo especificado), E:\\WebServer\\PHP_8.3\\ext\\php_php_pdo_pgsql.dll.dll (N\xc3\xa3o foi poss\xc3\xadvel encontrar o m\xc3\xb3dulo especificado)) in Unknown on line 0
PHP Warning:  PHP Startup: Unable to load dynamic library 'php_curl.dll' (tried: E:\\WebServer\\PHP_8.3\\ext\\php_curl.dll (N\xc3\xa3o foi poss\xc3\xadvel encontrar o m\xc3\xb3dulo especificado), E:\\WebServer\\PHP_8.3\\ext\\php_php_curl.dll.dll (N\xc3\xa3o foi poss\xc3\xadvel encontrar o m\xc3\xb3dulo especificado)) in Unknown on line 0
PHP Warning:  PHP Startup: Unable to load dynamic library 'php_pgsql.dll' (tried: E:\\WebServer\\PHP_8.3\\ext\\php_pgsql.dll (N\xc3\xa3o foi poss\xc3\xadvel encontrar o m\xc3\xb3dulo especificado), E:\\WebServer\\PHP_8.3\\ext\\php_php_pgsql.dll.dll (N\xc3\xa3o foi poss\xc3\xadvel encontrar o m\xc3\xb3dulo especificado)) in Unknown on line 0
PHP Warning:  PHP Startup: Unable to load dynamic library 'php_gettext.dll' (tried: E:\\WebServer\\PHP_8.3\\ext\\php_gettext.dll (N\xc3\xa3o foi poss\xc3\xadvel encontrar o m\xc3\xb3dulo especificado), E:\\WebServer\\PHP_8.3\\ext\\php_php_gettext.dll.dll (N\xc3\xa3o foi poss\xc3\xadvel encontrar o m\xc3\xb3dulo especificado)) in Unknown on line 0
PHP Warning:  PHP Startup: Unable to load dynamic library 'php_mbstring.dll' (tried: E:\\WebServer\\PHP_8.3\\ext\\php_mbstring.dll (N\xc3\xa3o foi poss\xc3\xadvel encontrar o m\xc3\xb3dulo especificado), E:\\WebServer\\PHP_8.3\\ext\\php_php_mbstring.dll.dll (N\xc3\xa3o foi poss\xc3\xadvel encontrar o m\xc3\xb3dulo especificado)) in Unknown on line 0
PHP Warning:  PHP Startup: Unable to load dynamic library 'php_mysqli.dll' (tried: E:\\WebServer\\PHP_8.3\\ext\\php_mysqli.dll (N\xc3\xa3o foi poss\xc3\xadvel encontrar o m\xc3\xb3dulo especificado), E:\\WebServer\\PHP_8.3\\ext\\php_php_mysqli.dll.dll (N\xc3\xa3o foi poss\xc3\xadvel encontrar o m\xc3\xb3dulo especificado)) in Unknown on line 0
PHP Warning:  PHP Startup: Unable to load dynamic library 'php_pdo_mysql.dll' (tried: E:\\WebServer\\PHP_8.3\\ext\\php_pdo_mysql.dll (N\xc3\xa3o foi poss\xc3\xadvel encontrar o m\xc3\xb3dulo especificado), E:\\WebServer\\PHP_8.3\\ext\\php_php_pdo_mysql.dll.dll (N\xc3\xa3o foi poss\xc3\xadvel encontrar o m\xc3\xb3dulo especificado)) in Unknown on line 0
[Wed Sep 11 17:13:50.267228 2024] [mpm_winnt:notice] [pid 18720:tid 332] AH00455: Apache/2.4.57 (Win64) PHP/8.3.11 configured -- resuming normal operations
[Wed Sep 11 17:13:50.267228 2024] [mpm_winnt:notice] [pid 18720:tid 332] AH00456: Apache Lounge VS16 Server built: Apr 14 2023 09:42:54
[Wed Sep 11 17:13:50.267228 2024] [core:notice] [pid 18720:tid 332] AH00094: Command line: 'C:\\WebServer\\Apache24\\bin\\httpd.exe -d C:/WebServer/Apache24'
[Wed Sep 11 17:13:50.270228 2024] [mpm_winnt:notice] [pid 18720:tid 332] AH00418: Parent: Created child process 7668
AH00558: httpd.exe: Could not reliably determine the server's fully qualified domain name, using fe80::45b3:f43b:e3e:9ff7. Set the 'ServerName' directive globally to suppress this message
AH00558: httpd.exe: Could not reliably determine the server's fully qualified domain name, using fe80::45b3:f43b:e3e:9ff7. Set the 'ServerName' directive globally to suppress this message
PHP Warning:  PHP Startup: Unable to load dynamic library 'gmp' (tried: E:\\WebServer\\PHP_8.3\\ext\\gmp (N\xc3\xa3o foi poss\xc3\xadvel encontrar o m\xc3\xb3dulo especificado), E:\\WebServer\\PHP_8.3\\ext\\php_gmp.dll (N\xc3\xa3o foi poss\xc3\xadvel encontrar o m\xc3\xb3dulo especificado)) in Unknown on line 0
PHP Warning:  PHP Startup: Unable to load dynamic library 'mysqli' (tried: E:\\WebServer\\PHP_8.3\\ext\\mysqli (N\xc3\xa3o foi poss\xc3\xadvel encontrar o m\xc3\xb3dulo especificado), E:\\WebServer\\PHP_8.3\\ext\\php_mysqli.dll (N\xc3\xa3o foi poss\xc3\xadvel encontrar o m\xc3\xb3dulo especificado)) in Unknown on line 0
PHP Warning:  PHP Startup: Unable to load dynamic library 'openssl' (tried: E:\\WebServer\\PHP_8.3\\ext\\openssl (N\xc3\xa3o foi poss\xc3\xadvel encontrar o m\xc3\xb3dulo especificado), E:\\WebServer\\PHP_8.3\\ext\\php_openssl.dll (N\xc3\xa3o foi poss\xc3\xadvel encontrar o m\xc3\xb3dulo especificado)) in Unknown on line 0
PHP Warning:  PHP Startup: Unable to load dynamic library 'php_ssh2.dll' (tried: E:\\WebServer\\PHP_8.3\\ext\\php_ssh2.dll (N\xc3\xa3o foi poss\xc3\xadvel encontrar o m\xc3\xb3dulo especificado), E:\\WebServer\\PHP_8.3\\ext\\php_php_ssh2.dll.dll (N\xc3\xa3o foi poss\xc3\xadvel encontrar o m\xc3\xb3dulo especificado)) in Unknown on line 0
PHP Warning:  PHP Startup: Unable to load dynamic library 'php_pdo_pgsql.dll' (tried: E:\\WebServer\\PHP_8.3\\ext\\php_pdo_pgsql.dll (N\xc3\xa3o foi poss\xc3\xadvel encontrar o m\xc3\xb3dulo especificado), E:\\WebServer\\PHP_8.3\\ext\\php_php_pdo_pgsql.dll.dll (N\xc3\xa3o foi poss\xc3\xadvel encontrar o m\xc3\xb3dulo especificado)) in Unknown on line 0
PHP Warning:  PHP Startup: Unable to load dynamic library 'php_curl.dll' (tried: E:\\WebServer\\PHP_8.3\\ext\\php_curl.dll (N\xc3\xa3o foi poss\xc3\xadvel encontrar o m\xc3\xb3dulo especificado), E:\\WebServer\\PHP_8.3\\ext\\php_php_curl.dll.dll (N\xc3\xa3o foi poss\xc3\xadvel encontrar o m\xc3\xb3dulo especificado)) in Unknown on line 0
PHP Warning:  PHP Startup: Unable to load dynamic library 'php_pgsql.dll' (tried: E:\\WebServer\\PHP_8.3\\ext\\php_pgsql.dll (N\xc3\xa3o foi poss\xc3\xadvel encontrar o m\xc3\xb3dulo especificado), E:\\WebServer\\PHP_8.3\\ext\\php_php_pgsql.dll.dll (N\xc3\xa3o foi poss\xc3\xadvel encontrar o m\xc3\xb3dulo especificado)) in Unknown on line 0
PHP Warning:  PHP Startup: Unable to load dynamic library 'php_gettext.dll' (tried: E:\\WebServer\\PHP_8.3\\ext\\php_gettext.dll (N\xc3\xa3o foi poss\xc3\xadvel encontrar o m\xc3\xb3dulo especificado), E:\\WebServer\\PHP_8.3\\ext\\php_php_gettext.dll.dll (N\xc3\xa3o foi poss\xc3\xadvel encontrar o m\xc3\xb3dulo especificado)) in Unknown on line 0
PHP Warning:  PHP Startup: Unable to load dynamic library 'php_mbstring.dll' (tried: E:\\WebServer\\PHP_8.3\\ext\\php_mbstring.dll (N\xc3\xa3o foi poss\xc3\xadvel encontrar o m\xc3\xb3dulo especificado), E:\\WebServer\\PHP_8.3\\ext\\php_php_mbstring.dll.dll (N\xc3\xa3o foi poss\xc3\xadvel encontrar o m\xc3\xb3dulo especificado)) in Unknown on line 0
PHP Warning:  PHP Startup: Unable to load dynamic library 'php_mysqli.dll' (tried: E:\\WebServer\\PHP_8.3\\ext\\php_mysqli.dll (N\xc3\xa3o foi poss\xc3\xadvel encontrar o m\xc3\xb3dulo especificado), E:\\WebServer\\PHP_8.3\\ext\\php_php_mysqli.dll.dll (N\xc3\xa3o foi poss\xc3\xadvel encontrar o m\xc3\xb3dulo especificado)) in Unknown on line 0
PHP Warning:  PHP Startup: Unable to load dynamic library 'php_pdo_mysql.dll' (tried: E:\\WebServer\\PHP_8.3\\ext\\php_pdo_mysql.dll (N\xc3\xa3o foi poss\xc3\xadvel encontrar o m\xc3\xb3dulo especificado), E:\\WebServer\\PHP_8.3\\ext\\php_php_pdo_mysql.dll.dll (N\xc3\xa3o foi poss\xc3\xadvel encontrar o m\xc3\xb3dulo especificado)) in Unknown on line 0
[Wed Sep 11 17:13:50.523372 2024] [mpm_winnt:notice] [pid 7668:tid 344] AH00354: Child: Starting 64 worker threads.
[Wed Sep 11 17:16:15.694556 2024] [mpm_winnt:notice] [pid 18720:tid 332] AH00422: Parent: Received shutdown signal -- Shutting down the server.
[Wed Sep 11 17:16:17.720521 2024] [mpm_winnt:notice] [pid 7668:tid 344] AH00364: Child: All worker threads have exited.
[Wed Sep 11 17:16:17.763918 2024] [mpm_winnt:notice] [pid 18720:tid 332] AH00430: Parent: Child process 7668 exited successfully.
AH00558: httpd.exe: Could not reliably determine the server's fully qualified domain name, using fe80::45b3:f43b:e3e:9ff7. Set the 'ServerName' directive globally to suppress this message
PHP Warning:  PHP Startup: Unable to load dynamic library 'gmp' (tried: E:\\WebServer\\PHP_8.3\\ext\\gmp (N\xc3\xa3o foi poss\xc3\xadvel encontrar o m\xc3\xb3dulo especificado), E:\\WebServer\\PHP_8.3\\ext\\php_gmp.dll (N\xc3\xa3o foi poss\xc3\xadvel encontrar o m\xc3\xb3dulo especificado)) in Unknown on line 0
PHP Warning:  PHP Startup: Unable to load dynamic library 'mysqli' (tried: E:\\WebServer\\PHP_8.3\\ext\\mysqli (N\xc3\xa3o foi poss\xc3\xadvel encontrar o m\xc3\xb3dulo especificado), E:\\WebServer\\PHP_8.3\\ext\\php_mysqli.dll (N\xc3\xa3o foi poss\xc3\xadvel encontrar o m\xc3\xb3dulo especificado)) in Unknown on line 0
PHP Warning:  PHP Startup: Unable to load dynamic library 'openssl' (tried: E:\\WebServer\\PHP_8.3\\ext\\openssl (N\xc3\xa3o foi poss\xc3\xadvel encontrar o m\xc3\xb3dulo especificado), E:\\WebServer\\PHP_8.3\\ext\\php_openssl.dll (N\xc3\xa3o foi poss\xc3\xadvel encontrar o m\xc3\xb3dulo especificado)) in Unknown on line 0
PHP Warning:  PHP Startup: Unable to load dynamic library 'php_ssh2.dll' (tried: E:\\WebServer\\PHP_8.3\\ext\\php_ssh2.dll (N\xc3\xa3o foi poss\xc3\xadvel encontrar o m\xc3\xb3dulo especificado), E:\\WebServer\\PHP_8.3\\ext\\php_php_ssh2.dll.dll (N\xc3\xa3o foi poss\xc3\xadvel encontrar o m\xc3\xb3dulo especificado)) in Unknown on line 0
PHP Warning:  PHP Startup: Unable to load dynamic library 'php_pdo_pgsql.dll' (tried: E:\\WebServer\\PHP_8.3\\ext\\php_pdo_pgsql.dll (N\xc3\xa3o foi poss\xc3\xadvel encontrar o m\xc3\xb3dulo especificado), E:\\WebServer\\PHP_8.3\\ext\\php_php_pdo_pgsql.dll.dll (N\xc3\xa3o foi poss\xc3\xadvel encontrar o m\xc3\xb3dulo especificado)) in Unknown on line 0
PHP Warning:  PHP Startup: Unable to load dynamic library 'php_curl.dll' (tried: E:\\WebServer\\PHP_8.3\\ext\\php_curl.dll (N\xc3\xa3o foi poss\xc3\xadvel encontrar o m\xc3\xb3dulo especificado), E:\\WebServer\\PHP_8.3\\ext\\php_php_curl.dll.dll (N\xc3\xa3o foi poss\xc3\xadvel encontrar o m\xc3\xb3dulo especificado)) in Unknown on line 0
PHP Warning:  PHP Startup: Unable to load dynamic library 'php_pgsql.dll' (tried: E:\\WebServer\\PHP_8.3\\ext\\php_pgsql.dll (N\xc3\xa3o foi poss\xc3\xadvel encontrar o m\xc3\xb3dulo especificado), E:\\WebServer\\PHP_8.3\\ext\\php_php_pgsql.dll.dll (N\xc3\xa3o foi poss\xc3\xadvel encontrar o m\xc3\xb3dulo especificado)) in Unknown on line 0
PHP Warning:  PHP Startup: Unable to load dynamic library 'php_gettext.dll' (tried: E:\\WebServer\\PHP_8.3\\ext\\php_gettext.dll (N\xc3\xa3o foi poss\xc3\xadvel encontrar o m\xc3\xb3dulo especificado), E:\\WebServer\\PHP_8.3\\ext\\php_php_gettext.dll.dll (N\xc3\xa3o foi poss\xc3\xadvel encontrar o m\xc3\xb3dulo especificado)) in Unknown on line 0
PHP Warning:  PHP Startup: Unable to load dynamic library 'php_mbstring.dll' (tried: E:\\WebServer\\PHP_8.3\\ext\\php_mbstring.dll (N\xc3\xa3o foi poss\xc3\xadvel encontrar o m\xc3\xb3dulo especificado), E:\\WebServer\\PHP_8.3\\ext\\php_php_mbstring.dll.dll (N\xc3\xa3o foi poss\xc3\xadvel encontrar o m\xc3\xb3dulo especificado)) in Unknown on line 0
PHP Warning:  PHP Startup: Unable to load dynamic library 'php_mysqli.dll' (tried: E:\\WebServer\\PHP_8.3\\ext\\php_mysqli.dll (N\xc3\xa3o foi poss\xc3\xadvel encontrar o m\xc3\xb3dulo especificado), E:\\WebServer\\PHP_8.3\\ext\\php_php_mysqli.dll.dll (N\xc3\xa3o foi poss\xc3\xadvel encontrar o m\xc3\xb3dulo especificado)) in Unknown on line 0
PHP Warning:  PHP Startup: Unable to load dynamic library 'php_pdo_mysql.dll' (tried: E:\\WebServer\\PHP_8.3\\ext\\php_pdo_mysql.dll (N\xc3\xa3o foi poss\xc3\xadvel encontrar o m\xc3\xb3dulo especificado), E:\\WebServer\\PHP_8.3\\ext\\php_php_pdo_mysql.dll.dll (N\xc3\xa3o foi poss\xc3\xadvel encontrar o m\xc3\xb3dulo especificado)) in Unknown on line 0
[Wed Sep 11 17:16:18.503335 2024] [mpm_winnt:notice] [pid 20436:tid 368] AH00455: Apache/2.4.57 (Win64) PHP/8.3.11 configured -- resuming normal operations
[Wed Sep 11 17:16:18.503335 2024] [mpm_winnt:notice] [pid 20436:tid 368] AH00456: Apache Lounge VS16 Server built: Apr 14 2023 09:42:54
[Wed Sep 11 17:16:18.503335 2024] [core:notice] [pid 20436:tid 368] AH00094: Command line: 'C:\\WebServer\\Apache24\\bin\\httpd.exe -d C:/WebServer/Apache24'
[Wed Sep 11 17:16:18.505332 2024] [mpm_winnt:notice] [pid 20436:tid 368] AH00418: Parent: Created child process 19800
AH00558: httpd.exe: Could not reliably determine the server's fully qualified domain name, using fe80::45b3:f43b:e3e:9ff7. Set the 'ServerName' directive globally to suppress this message
AH00558: httpd.exe: Could not reliably determine the server's fully qualified domain name, using fe80::45b3:f43b:e3e:9ff7. Set the 'ServerName' directive globally to suppress this message
